{"logTime": "1003/035155", "correlationVector":"sFpX5mNJFpGr3Ln3Z8Wh/0.0","action":"FeedSettingFetch_homeCloud", "result":"0", "context":{}}
{"logTime": "1003/035155", "correlationVector":"Eer2XLdtmod0vLIr74+yT4.1","action":"SyncServerConnectionManagerRequest", "result":"SYNC_SERVER_OK", "context":{"environment":"Prod_SouthCentralUS", "server":"GENERAL01000010"}}
{"logTime": "1003/035155", "correlationVector":"Eer2XLdtmod0vLIr74+yT4","action":"Initial GetUpdates", "result":"", "context":Reason: NEW_CLIENT. cV=Eer2XLdtmod0vLIr74+yT4}
{"logTime": "1003/035155", "correlationVector":"Eer2XLdtmod0vLIr74+yT4.2","action":"GetUpdates Response", "result":"SYNCER_OK", "context":Received 1 update(s). cV=Eer2XLdtmod0vLIr74+yT4.0;server=GENERAL01000010;cloudType=Consumer;environment=Prod_SouthCentralUS}
{"logTime": "1003/035159", "correlationVector":"dh2LntAhO7b0xb9Iiot4g0","action":"SyncServerConnectionManagerRequest", "result":"SYNC_SERVER_OK", "context":{"environment":"", "server":""}}
{"logTime": "1003/035159", "correlationVector":"yDzFqumF07sgtO5qcChv+7","action":"Initial GetUpdates", "result":"", "context":Reason: NEW_CLIENT. cV=yDzFqumF07sgtO5qcChv+7}
{"logTime": "1003/035159", "correlationVector":"yDzFqumF07sgtO5qcChv+7.1","action":"SyncServerConnectionManagerRequest", "result":"SYNC_SERVER_OK", "context":{"environment":"Prod_SouthCentralUS", "server":"GENERAL0100000R"}}
{"logTime": "1003/035159", "correlationVector":"yDzFqumF07sgtO5qcChv+7.2","action":"GetUpdates Response", "result":"SYNCER_OK", "context":Received 14 update(s). cV=yDzFqumF07sgtO5qcChv+7.0;server=GENERAL0100000R;cloudType=Consumer;environment=Prod_SouthCentralUS}
{"logTime": "1003/035159", "correlationVector":"o1c4B4FBblWBFspXSHeWhg","action":"Normal GetUpdate request", "result":"", "context":cV=o1c4B4FBblWBFspXSHeWhg
Nudged types: Device Info, User Consents
Refresh requested types: Device Info, User Consents, Send Tab To Self, Encryption Keys}
{"logTime": "1003/035159", "correlationVector":"o1c4B4FBblWBFspXSHeWhg.1","action":"SyncServerConnectionManagerRequest", "result":"SYNC_SERVER_OK", "context":{"environment":"Prod_SouthCentralUS", "server":"GENERAL0100001J"}}
{"logTime": "1003/035159", "correlationVector":"o1c4B4FBblWBFspXSHeWhg.2","action":"GetUpdates Response", "result":"SYNCER_OK", "context":Received 0 update(s). cV=o1c4B4FBblWBFspXSHeWhg.0;server=GENERAL0100001J;cloudType=Consumer;environment=Prod_SouthCentralUS}
{"logTime": "1003/035159", "correlationVector":"obsjJY3kptPqGBkz6j47FS","action":"Commit Request", "result":"", "context":Item count: 1
Contributing types: Device Info}
{"logTime": "1003/035159", "correlationVector":"obsjJY3kptPqGBkz6j47FS.1","action":"SyncServerConnectionManagerRequest", "result":"SYNC_SERVER_OK", "context":{"environment":"Prod_SouthCentralUS", "server":"GENERAL01000017"}}
{"logTime": "1003/035159", "correlationVector":"obsjJY3kptPqGBkz6j47FS.2","action":"Commit Response", "result":"SYNCER_OK", "context":Result: SYNCER_OK. cV=obsjJY3kptPqGBkz6j47FS.0;server=GENERAL01000017;cloudType=Consumer;environment=Prod_SouthCentralUS}
{"logTime": "1003/035159", "correlationVector":"AjR2mmrN14NubI2//jPUkg","action":"Commit Request", "result":"", "context":Item count: 1
Contributing types: User Consents}
{"logTime": "1003/035159", "correlationVector":"AjR2mmrN14NubI2//jPUkg.1","action":"SyncServerConnectionManagerRequest", "result":"SYNC_SERVER_OK", "context":{"environment":"Prod_SouthCentralUS", "server":"GENERAL01000009"}}
{"logTime": "1003/035200", "correlationVector":"AjR2mmrN14NubI2//jPUkg.2","action":"Commit Response", "result":"SYNCER_OK", "context":Result: SYNCER_OK. cV=AjR2mmrN14NubI2//jPUkg.0;server=GENERAL01000009;cloudType=Consumer;environment=Prod_SouthCentralUS}
