#
# A fatal error has been detected by the Java Runtime Environment:
#
#  EXCEPTION_ACCESS_VIOLATION (0xc0000005) at pc=0x00007fff5a6e8078, pid=14688, tid=13476
#
# JRE version: OpenJDK Runtime Environment (11.0.13) (build 11.0.13+0-b1751.21-8125866)
# Java VM: OpenJDK 64-Bit Server VM (11.0.13+0-b1751.21-8125866, mixed mode, tiered, compressed oops, g1 gc, windows-amd64)
# Problematic frame:
# V  [jvm.dll+0x508078]
#
# No core dump will be written. Minidumps are not enabled by default on client versions of Windows
#
# If you would like to submit a bug report, please visit:
#   https://bugreport.java.com/bugreport/crash.jsp
#

---------------  S U M M A R Y ------------

Command Line: -Dorg.gradle.appname=gradlew org.gradle.wrapper.GradleWrapperMain -q -Ptarget-platform=android-arm64 -Ptarget=C:\Users\crami\OneDrive\Escritorio\Practica01_190378\lib\main.dart -Pbase-application-name=android.app.Application -Pdart-defines=RkxVVFRFUl9XRUJfQVVUT19ERVRFQ1Q9dHJ1ZQ== -Pdart-obfuscation=false -Ptrack-widget-creation=true -Ptree-shake-icons=false -Pfilesystem-scheme=org-dartlang-root assembleDebug

Host: AMD Ryzen 7 3700U with Radeon Vega Mobile Gfx  , 8 cores, 6G,  Windows 11 , 64 bit Build 22000 (10.0.22000.708)
Time: Mon Oct  3 21:22:46 2022 Hora de verano central (México) elapsed time: 1.486311 seconds (0d 0h 0m 1s)

---------------  T H R E A D  ---------------

Current thread (0x000002d13aea2000):  JavaThread "C2 CompilerThread1" daemon [_thread_in_native, id=13476, stack(0x000000f62a700000,0x000000f62a800000)]


Current CompileTask:
C2:   1486 1044   !   4       jdk.internal.loader.URLClassPath$JarLoader::getResource (353 bytes)

Stack: [0x000000f62a700000,0x000000f62a800000],  sp=0x000000f62a7fc2b0,  free space=1008k
Native frames: (J=compiled Java code, j=interpreted, Vv=VM code, C=native code)
V  [jvm.dll+0x508078]
V  [jvm.dll+0x508756]
V  [jvm.dll+0x19d9d1]
V  [jvm.dll+0x2033be]
V  [jvm.dll+0x202437]
V  [jvm.dll+0x188e01]
V  [jvm.dll+0x21106b]
V  [jvm.dll+0x20f8c1]
V  [jvm.dll+0x70de0f]
V  [jvm.dll+0x706a75]
V  [jvm.dll+0x60ed66]
C  [ucrtbase.dll+0x26c0c]
C  [KERNEL32.DLL+0x154e0]
C  [ntdll.dll+0x485b]


siginfo: EXCEPTION_ACCESS_VIOLATION (0xc0000005), reading address 0x00007fff7ac08a14


Register to memory mapping:

RIP=0x00007fff5a6e8078 jvm.dll
RAX=0x00007fff7ac08a10 is an unknown value
RBX=0x0000000000000327 is an unknown value
RCX=0x0000000000000003 is an unknown value
RDX=0x0 is NULL
RSP=0x000000f62a7fc2b0 is pointing into the stack for thread: 0x000002d13aea2000
RBP=0x000002d13b20d370 points into unknown readable memory: 0x0000000000000002 | 02 00 00 00 00 00 00 00
RSI=0x000002d13bbe6fa0 points into unknown readable memory: 0x00007fff00000003 | 03 00 00 00 ff 7f 00 00
RDI=0x0000000000000001 is an unknown value
R8 =0x000002d13bd41c00 points into unknown readable memory: 0x0000008000000000 | 00 00 00 00 80 00 00 00
R9 =0x0000000000000080 is an unknown value
R10=0x00007fff5a1e0000 jvm.dll
R11=0x00000000000000b8 is an unknown value
R12=0x00007fff5ac08a10 jvm.dll
R13=0x000002d13bbf2a00 points into unknown readable memory: 0x0000000000000000 | 00 00 00 00 00 00 00 00
R14=0x00007fff5a1e0000 jvm.dll
R15=0x0000000000000001 is an unknown value


Registers:
RAX=0x00007fff7ac08a10, RBX=0x0000000000000327, RCX=0x0000000000000003, RDX=0x0000000000000000
RSP=0x000000f62a7fc2b0, RBP=0x000002d13b20d370, RSI=0x000002d13bbe6fa0, RDI=0x0000000000000001
R8 =0x000002d13bd41c00, R9 =0x0000000000000080, R10=0x00007fff5a1e0000, R11=0x00000000000000b8
R12=0x00007fff5ac08a10, R13=0x000002d13bbf2a00, R14=0x00007fff5a1e0000, R15=0x0000000000000001
RIP=0x00007fff5a6e8078, EFLAGS=0x0000000000010202

Top of Stack: (sp=0x000000f62a7fc2b0)
0x000000f62a7fc2b0:   0000000000000327 000002d13b20d370
0x000000f62a7fc2c0:   000002d13bbe6fa0 00007fff5a543d84
0x000000f62a7fc2d0:   000002d13bbf2a00 0000000000000000
0x000000f62a7fc2e0:   0000032800000003 00007fff00000002
0x000000f62a7fc2f0:   000002d13bd41240 00007fff00000004
0x000000f62a7fc300:   000002d13b20cca0 0000000000000007
0x000000f62a7fc310:   000002d13b20cc90 00007fff5a24e9c4
0x000000f62a7fc320:   0000000000000000 000002d13b20cc90
0x000000f62a7fc330:   000002d13bc954d0 000002d13bc95208
0x000000f62a7fc340:   0000000000000002 0000000000000008
0x000000f62a7fc350:   000000f62a7fc550 00007fff5a6e8756
0x000000f62a7fc360:   000000f62a7fc550 000002d13bc954d0
0x000000f62a7fc370:   0000000000000001 000000f62a7fc3b0
0x000000f62a7fc380:   000002d13ae53f48 000002d13ae31590
0x000000f62a7fc390:   000002d13af7c480 000002d13af81540
0x000000f62a7fc3a0:   00000000000a9d00 000002d13af84468 

Instructions: (pc=0x00007fff5a6e8078)
0x00007fff5a6e7f78:   05 49 8b ec eb 08 e8 6d 0b 00 00 48 8b e8 48 8b
0x00007fff5a6e7f88:   d3 48 8d 4c 24 30 e8 8d bb e5 ff 4c 8b 6c 24 20
0x00007fff5a6e7f98:   4c 8d 35 61 80 af ff 4c 8d 25 6a 0a 52 00 48 89
0x00007fff5a6e7fa8:   7c 24 70 41 bf 01 00 00 00 8b 54 24 30 85 d2 74
0x00007fff5a6e7fb8:   42 44 8b 4c 24 34 f6 c2 1f 75 0c c1 ea 05 41 83
0x00007fff5a6e7fc8:   c1 05 f6 c2 1f 74 f4 44 8b c2 41 83 e0 1f 43 0f
0x00007fff5a6e7fd8:   b6 8c 30 00 74 85 00 43 0f b6 9c 30 e0 73 85 00
0x00007fff5a6e7fe8:   d3 ea 89 54 24 30 41 03 d9 42 8d 04 09 89 44 24
0x00007fff5a6e7ff8:   34 eb 0c 48 8d 4c 24 30 e8 6b bb e5 ff 8b d8 85
0x00007fff5a6e8008:   db 0f 84 82 00 00 00 48 8b 4e 08 8b d3 48 c1 ea
0x00007fff5a6e8018:   08 8b fb 4c 8b 04 d1 4d 3b c4 75 0d 8b d3 48 8b
0x00007fff5a6e8028:   ce e8 42 bd e5 ff 4c 8b c0 8b cb 45 8b cf 83 e1
0x00007fff5a6e8038:   1f 41 d3 e1 48 8b cf 48 c1 e9 05 83 e1 07 41 8b
0x00007fff5a6e8048:   14 88 8b c2 41 0b c1 41 89 04 88 41 23 d1 75 02
0x00007fff5a6e8058:   ff 06 85 d2 0f 85 4f ff ff ff 49 8b 45 08 48 8b
0x00007fff5a6e8068:   cf 48 c1 e9 08 48 c1 ef 05 83 e7 07 48 8b 04 c8
0x00007fff5a6e8078:   44 85 0c b8 0f 85 2f ff ff ff 8b d3 48 8b cd e8
0x00007fff5a6e8088:   14 87 c9 ff e9 20 ff ff ff 83 7d 00 00 48 8b b4
0x00007fff5a6e8098:   24 c0 00 00 00 4c 8b b4 24 b0 00 00 00 4c 8b ac
0x00007fff5a6e80a8:   24 b8 00 00 00 4c 8b 64 24 28 74 63 41 8b 4d 4c
0x00007fff5a6e80b8:   49 8b 46 28 ff c9 48 89 2c c8 4d 85 e4 75 5f 41
0x00007fff5a6e80c8:   8b 4d 4c 8b c1 4c 8b 84 24 c8 00 00 00 c1 e8 05
0x00007fff5a6e80d8:   41 3b 40 10 73 48 8b d0 83 e1 1f 49 8b 40 18 41
0x00007fff5a6e80e8:   d3 e7 8b 04 90 41 23 c7 74 34 49 8b 5e 38 8b 7b
0x00007fff5a6e80f8:   18 8d 47 01 89 43 18 3b 3b 72 0a 8b d7 48 8b cb
0x00007fff5a6e8108:   e8 b3 da c0 ff 48 8b 43 10 4c 89 2c f8 eb 0f 49
0x00007fff5a6e8118:   8b 46 30 48 89 85 98 00 00 00 49 89 6e 30 48 8b
0x00007fff5a6e8128:   7c 24 70 48 83 c4 78 41 5f 41 5e 41 5d 41 5c 5d
0x00007fff5a6e8138:   5b c3 cc cc cc cc cc cc 40 53 55 56 57 41 54 41
0x00007fff5a6e8148:   55 41 56 41 57 48 83 ec 78 89 51 50 48 8b d9 48
0x00007fff5a6e8158:   8b 51 58 b9 20 00 00 00 e8 4b f5 ba ff 8b 2d a1
0x00007fff5a6e8168:   c4 55 00 48 8b f8 41 be 08 00 00 00 48 85 c0 74 


Stack slot to memory mapping:
stack at sp + 0 slots: 0x0000000000000327 is an unknown value
stack at sp + 1 slots: 0x000002d13b20d370 points into unknown readable memory: 0x0000000000000002 | 02 00 00 00 00 00 00 00
stack at sp + 2 slots: 0x000002d13bbe6fa0 points into unknown readable memory: 0x00007fff00000003 | 03 00 00 00 ff 7f 00 00
stack at sp + 3 slots: 0x00007fff5a543d84 jvm.dll
stack at sp + 4 slots: 0x000002d13bbf2a00 points into unknown readable memory: 0x0000000000000000 | 00 00 00 00 00 00 00 00
stack at sp + 5 slots: 0x0 is NULL
stack at sp + 6 slots: 0x0000032800000003 is an unknown value
stack at sp + 7 slots: 0x00007fff00000002 is an unknown value


---------------  P R O C E S S  ---------------

Threads class SMR info:
_java_thread_list=0x000002d13b85bdc0, length=12, elements={
0x000002d120614800, 0x000002d13a8f1800, 0x000002d13a8ff000, 0x000002d13a0e9000,
0x000002d13a0ec000, 0x000002d13a0ed000, 0x000002d13a0ee800, 0x000002d13a907800,
0x000002d13a90d000, 0x000002d13aaba800, 0x000002d13aea2000, 0x000002d13b13a800
}

Java Threads: ( => current thread )
  0x000002d120614800 JavaThread "main" [_thread_in_vm, id=12040, stack(0x000000f629600000,0x000000f629700000)]
  0x000002d13a8f1800 JavaThread "Reference Handler" daemon [_thread_blocked, id=13172, stack(0x000000f629d00000,0x000000f629e00000)]
  0x000002d13a8ff000 JavaThread "Finalizer" daemon [_thread_blocked, id=2452, stack(0x000000f629e00000,0x000000f629f00000)]
  0x000002d13a0e9000 JavaThread "Signal Dispatcher" daemon [_thread_blocked, id=11500, stack(0x000000f629f00000,0x000000f62a000000)]
  0x000002d13a0ec000 JavaThread "Attach Listener" daemon [_thread_blocked, id=9004, stack(0x000000f62a000000,0x000000f62a100000)]
  0x000002d13a0ed000 JavaThread "Service Thread" daemon [_thread_blocked, id=13272, stack(0x000000f62a100000,0x000000f62a200000)]
  0x000002d13a0ee800 JavaThread "C2 CompilerThread0" daemon [_thread_blocked, id=11196, stack(0x000000f62a200000,0x000000f62a300000)]
  0x000002d13a907800 JavaThread "C1 CompilerThread0" daemon [_thread_blocked, id=9140, stack(0x000000f62a300000,0x000000f62a400000)]
  0x000002d13a90d000 JavaThread "Sweeper thread" daemon [_thread_blocked, id=13464, stack(0x000000f62a400000,0x000000f62a500000)]
  0x000002d13aaba800 JavaThread "Common-Cleaner" daemon [_thread_blocked, id=10540, stack(0x000000f62a600000,0x000000f62a700000)]
=>0x000002d13aea2000 JavaThread "C2 CompilerThread1" daemon [_thread_in_native, id=13476, stack(0x000000f62a700000,0x000000f62a800000)]
  0x000002d13b13a800 JavaThread "pool-1-thread-1" [_thread_blocked, id=13448, stack(0x000000f62a900000,0x000000f62aa00000)]

Other Threads:
  0x000002d13a0af800 VMThread "VM Thread" [stack: 0x000000f629c00000,0x000000f629d00000] [id=13444]
  0x000002d13aaaf000 WatcherThread [stack: 0x000000f62a500000,0x000000f62a600000] [id=9496]
  0x000002d12062c000 GCTaskThread "GC Thread#0" [stack: 0x000000f629700000,0x000000f629800000] [id=11868]
  0x000002d13b341800 GCTaskThread "GC Thread#1" [stack: 0x000000f62a800000,0x000000f62a900000] [id=13088]
  0x000002d120658800 ConcurrentGCThread "G1 Main Marker" [stack: 0x000000f629800000,0x000000f629900000] [id=13348]
  0x000002d12065a800 ConcurrentGCThread "G1 Conc#0" [stack: 0x000000f629900000,0x000000f629a00000] [id=13076]
  0x000002d139f16800 ConcurrentGCThread "G1 Refine#0" [stack: 0x000000f629a00000,0x000000f629b00000] [id=4252]
  0x000002d139f19800 ConcurrentGCThread "G1 Young RemSet Sampling" [stack: 0x000000f629b00000,0x000000f629c00000] [id=7584]

Threads with active compile tasks:
C2 CompilerThread1   1535 1044   !   4       jdk.internal.loader.URLClassPath$JarLoader::getResource (353 bytes)

VM state:not at safepoint (normal execution)

VM Mutex/Monitor currently owned by a thread: None

Heap address: 0x0000000091000000, size: 1776 MB, Compressed Oops mode: 32-bit
Narrow klass base: 0x0000000000000000, Narrow klass shift: 3
Compressed class space size: 1073741824 Address: 0x0000000100000000

Heap:
 garbage-first heap   total 114688K, used 23649K [0x0000000091000000, 0x0000000100000000)
  region size 1024K, 18 young (18432K), 3 survivors (3072K)
 Metaspace       used 13812K, capacity 14165K, committed 14336K, reserved 1062912K
  class space    used 1571K, capacity 1704K, committed 1792K, reserved 1048576K
Heap Regions: E=young(eden), S=young(survivor), O=old, HS=humongous(starts), HC=humongous(continues), CS=collection set, F=free, A=archive, TAMS=top-at-mark-start (previous, next)
|   0|0x0000000091000000, 0x0000000091000000, 0x0000000091100000|  0%| F|  |TAMS 0x0000000091000000, 0x0000000091000000| Untracked 
|   1|0x0000000091100000, 0x0000000091100000, 0x0000000091200000|  0%| F|  |TAMS 0x0000000091100000, 0x0000000091100000| Untracked 
|   2|0x0000000091200000, 0x0000000091200000, 0x0000000091300000|  0%| F|  |TAMS 0x0000000091200000, 0x0000000091200000| Untracked 
|   3|0x0000000091300000, 0x0000000091400000, 0x0000000091400000|100%|HS|  |TAMS 0x0000000091300000, 0x0000000091300000| Complete 
|   4|0x0000000091400000, 0x0000000091500000, 0x0000000091500000|100%|HC|  |TAMS 0x0000000091400000, 0x0000000091400000| Complete 
|   5|0x0000000091500000, 0x0000000091600000, 0x0000000091600000|100%|HC|  |TAMS 0x0000000091500000, 0x0000000091500000| Complete 
|   6|0x0000000091600000, 0x0000000091700000, 0x0000000091700000|100%| O|  |TAMS 0x0000000091600000, 0x0000000091600000| Untracked 
|   7|0x0000000091700000, 0x0000000091800000, 0x0000000091800000|100%| O|  |TAMS 0x0000000091700000, 0x0000000091700000| Untracked 
|   8|0x0000000091800000, 0x0000000091900000, 0x0000000091900000|100%| O|  |TAMS 0x0000000091800000, 0x0000000091800000| Untracked 
|   9|0x0000000091900000, 0x0000000091918400, 0x0000000091a00000|  9%| O|  |TAMS 0x0000000091900000, 0x0000000091900000| Untracked 
|  10|0x0000000091a00000, 0x0000000091a00000, 0x0000000091b00000|  0%| F|  |TAMS 0x0000000091a00000, 0x0000000091a00000| Untracked 
|  11|0x0000000091b00000, 0x0000000091b00000, 0x0000000091c00000|  0%| F|  |TAMS 0x0000000091b00000, 0x0000000091b00000| Untracked 
|  12|0x0000000091c00000, 0x0000000091c00000, 0x0000000091d00000|  0%| F|  |TAMS 0x0000000091c00000, 0x0000000091c00000| Untracked 
|  13|0x0000000091d00000, 0x0000000091d00000, 0x0000000091e00000|  0%| F|  |TAMS 0x0000000091d00000, 0x0000000091d00000| Untracked 
|  14|0x0000000091e00000, 0x0000000091e00000, 0x0000000091f00000|  0%| F|  |TAMS 0x0000000091e00000, 0x0000000091e00000| Untracked 
|  15|0x0000000091f00000, 0x0000000091f00000, 0x0000000092000000|  0%| F|  |TAMS 0x0000000091f00000, 0x0000000091f00000| Untracked 
|  16|0x0000000092000000, 0x0000000092000000, 0x0000000092100000|  0%| F|  |TAMS 0x0000000092000000, 0x0000000092000000| Untracked 
|  17|0x0000000092100000, 0x0000000092100000, 0x0000000092200000|  0%| F|  |TAMS 0x0000000092100000, 0x0000000092100000| Untracked 
|  18|0x0000000092200000, 0x0000000092200000, 0x0000000092300000|  0%| F|  |TAMS 0x0000000092200000, 0x0000000092200000| Untracked 
|  19|0x0000000092300000, 0x0000000092300000, 0x0000000092400000|  0%| F|  |TAMS 0x0000000092300000, 0x0000000092300000| Untracked 
|  20|0x0000000092400000, 0x0000000092400000, 0x0000000092500000|  0%| F|  |TAMS 0x0000000092400000, 0x0000000092400000| Untracked 
|  21|0x0000000092500000, 0x0000000092500000, 0x0000000092600000|  0%| F|  |TAMS 0x0000000092500000, 0x0000000092500000| Untracked 
|  22|0x0000000092600000, 0x0000000092600000, 0x0000000092700000|  0%| F|  |TAMS 0x0000000092600000, 0x0000000092600000| Untracked 
|  23|0x0000000092700000, 0x0000000092700000, 0x0000000092800000|  0%| F|  |TAMS 0x0000000092700000, 0x0000000092700000| Untracked 
|  24|0x0000000092800000, 0x0000000092800000, 0x0000000092900000|  0%| F|  |TAMS 0x0000000092800000, 0x0000000092800000| Untracked 
|  25|0x0000000092900000, 0x0000000092900000, 0x0000000092a00000|  0%| F|  |TAMS 0x0000000092900000, 0x0000000092900000| Untracked 
|  26|0x0000000092a00000, 0x0000000092a00000, 0x0000000092b00000|  0%| F|  |TAMS 0x0000000092a00000, 0x0000000092a00000| Untracked 
|  27|0x0000000092b00000, 0x0000000092b00000, 0x0000000092c00000|  0%| F|  |TAMS 0x0000000092b00000, 0x0000000092b00000| Untracked 
|  28|0x0000000092c00000, 0x0000000092c00000, 0x0000000092d00000|  0%| F|  |TAMS 0x0000000092c00000, 0x0000000092c00000| Untracked 
|  29|0x0000000092d00000, 0x0000000092d00000, 0x0000000092e00000|  0%| F|  |TAMS 0x0000000092d00000, 0x0000000092d00000| Untracked 
|  30|0x0000000092e00000, 0x0000000092e00000, 0x0000000092f00000|  0%| F|  |TAMS 0x0000000092e00000, 0x0000000092e00000| Untracked 
|  31|0x0000000092f00000, 0x0000000092f00000, 0x0000000093000000|  0%| F|  |TAMS 0x0000000092f00000, 0x0000000092f00000| Untracked 
|  32|0x0000000093000000, 0x0000000093000000, 0x0000000093100000|  0%| F|  |TAMS 0x0000000093000000, 0x0000000093000000| Untracked 
|  33|0x0000000093100000, 0x0000000093100000, 0x0000000093200000|  0%| F|  |TAMS 0x0000000093100000, 0x0000000093100000| Untracked 
|  34|0x0000000093200000, 0x0000000093200000, 0x0000000093300000|  0%| F|  |TAMS 0x0000000093200000, 0x0000000093200000| Untracked 
|  35|0x0000000093300000, 0x0000000093300000, 0x0000000093400000|  0%| F|  |TAMS 0x0000000093300000, 0x0000000093300000| Untracked 
|  36|0x0000000093400000, 0x0000000093400000, 0x0000000093500000|  0%| F|  |TAMS 0x0000000093400000, 0x0000000093400000| Untracked 
|  37|0x0000000093500000, 0x0000000093500000, 0x0000000093600000|  0%| F|  |TAMS 0x0000000093500000, 0x0000000093500000| Untracked 
|  38|0x0000000093600000, 0x0000000093600000, 0x0000000093700000|  0%| F|  |TAMS 0x0000000093600000, 0x0000000093600000| Untracked 
|  39|0x0000000093700000, 0x0000000093700000, 0x0000000093800000|  0%| F|  |TAMS 0x0000000093700000, 0x0000000093700000| Untracked 
|  40|0x0000000093800000, 0x0000000093800000, 0x0000000093900000|  0%| F|  |TAMS 0x0000000093800000, 0x0000000093800000| Untracked 
|  41|0x0000000093900000, 0x0000000093900000, 0x0000000093a00000|  0%| F|  |TAMS 0x0000000093900000, 0x0000000093900000| Untracked 
|  42|0x0000000093a00000, 0x0000000093a00000, 0x0000000093b00000|  0%| F|  |TAMS 0x0000000093a00000, 0x0000000093a00000| Untracked 
|  43|0x0000000093b00000, 0x0000000093b00000, 0x0000000093c00000|  0%| F|  |TAMS 0x0000000093b00000, 0x0000000093b00000| Untracked 
|  44|0x0000000093c00000, 0x0000000093c00000, 0x0000000093d00000|  0%| F|  |TAMS 0x0000000093c00000, 0x0000000093c00000| Untracked 
|  45|0x0000000093d00000, 0x0000000093d00000, 0x0000000093e00000|  0%| F|  |TAMS 0x0000000093d00000, 0x0000000093d00000| Untracked 
|  46|0x0000000093e00000, 0x0000000093e00000, 0x0000000093f00000|  0%| F|  |TAMS 0x0000000093e00000, 0x0000000093e00000| Untracked 
|  47|0x0000000093f00000, 0x0000000093f00000, 0x0000000094000000|  0%| F|  |TAMS 0x0000000093f00000, 0x0000000093f00000| Untracked 
|  48|0x0000000094000000, 0x0000000094000000, 0x0000000094100000|  0%| F|  |TAMS 0x0000000094000000, 0x0000000094000000| Untracked 
|  49|0x0000000094100000, 0x0000000094100000, 0x0000000094200000|  0%| F|  |TAMS 0x0000000094100000, 0x0000000094100000| Untracked 
|  50|0x0000000094200000, 0x0000000094200000, 0x0000000094300000|  0%| F|  |TAMS 0x0000000094200000, 0x0000000094200000| Untracked 
|  51|0x0000000094300000, 0x0000000094300000, 0x0000000094400000|  0%| F|  |TAMS 0x0000000094300000, 0x0000000094300000| Untracked 
|  52|0x0000000094400000, 0x0000000094400000, 0x0000000094500000|  0%| F|  |TAMS 0x0000000094400000, 0x0000000094400000| Untracked 
|  53|0x0000000094500000, 0x0000000094500000, 0x0000000094600000|  0%| F|  |TAMS 0x0000000094500000, 0x0000000094500000| Untracked 
|  54|0x0000000094600000, 0x0000000094600000, 0x0000000094700000|  0%| F|  |TAMS 0x0000000094600000, 0x0000000094600000| Untracked 
|  55|0x0000000094700000, 0x0000000094700000, 0x0000000094800000|  0%| F|  |TAMS 0x0000000094700000, 0x0000000094700000| Untracked 
|  56|0x0000000094800000, 0x0000000094800000, 0x0000000094900000|  0%| F|  |TAMS 0x0000000094800000, 0x0000000094800000| Untracked 
|  57|0x0000000094900000, 0x0000000094900000, 0x0000000094a00000|  0%| F|  |TAMS 0x0000000094900000, 0x0000000094900000| Untracked 
|  58|0x0000000094a00000, 0x0000000094a00000, 0x0000000094b00000|  0%| F|  |TAMS 0x0000000094a00000, 0x0000000094a00000| Untracked 
|  59|0x0000000094b00000, 0x0000000094b00000, 0x0000000094c00000|  0%| F|  |TAMS 0x0000000094b00000, 0x0000000094b00000| Untracked 
|  60|0x0000000094c00000, 0x0000000094c00000, 0x0000000094d00000|  0%| F|  |TAMS 0x0000000094c00000, 0x0000000094c00000| Untracked 
|  61|0x0000000094d00000, 0x0000000094d00000, 0x0000000094e00000|  0%| F|  |TAMS 0x0000000094d00000, 0x0000000094d00000| Untracked 
|  62|0x0000000094e00000, 0x0000000094e00000, 0x0000000094f00000|  0%| F|  |TAMS 0x0000000094e00000, 0x0000000094e00000| Untracked 
|  63|0x0000000094f00000, 0x0000000094f00000, 0x0000000095000000|  0%| F|  |TAMS 0x0000000094f00000, 0x0000000094f00000| Untracked 
|  64|0x0000000095000000, 0x0000000095000000, 0x0000000095100000|  0%| F|  |TAMS 0x0000000095000000, 0x0000000095000000| Untracked 
|  65|0x0000000095100000, 0x0000000095100000, 0x0000000095200000|  0%| F|  |TAMS 0x0000000095100000, 0x0000000095100000| Untracked 
|  66|0x0000000095200000, 0x0000000095200000, 0x0000000095300000|  0%| F|  |TAMS 0x0000000095200000, 0x0000000095200000| Untracked 
|  67|0x0000000095300000, 0x0000000095300000, 0x0000000095400000|  0%| F|  |TAMS 0x0000000095300000, 0x0000000095300000| Untracked 
|  68|0x0000000095400000, 0x0000000095400000, 0x0000000095500000|  0%| F|  |TAMS 0x0000000095400000, 0x0000000095400000| Untracked 
|  69|0x0000000095500000, 0x0000000095500000, 0x0000000095600000|  0%| F|  |TAMS 0x0000000095500000, 0x0000000095500000| Untracked 
|  70|0x0000000095600000, 0x0000000095600000, 0x0000000095700000|  0%| F|  |TAMS 0x0000000095600000, 0x0000000095600000| Untracked 
|  71|0x0000000095700000, 0x0000000095700000, 0x0000000095800000|  0%| F|  |TAMS 0x0000000095700000, 0x0000000095700000| Untracked 
|  72|0x0000000095800000, 0x0000000095800000, 0x0000000095900000|  0%| F|  |TAMS 0x0000000095800000, 0x0000000095800000| Untracked 
|  73|0x0000000095900000, 0x0000000095900000, 0x0000000095a00000|  0%| F|  |TAMS 0x0000000095900000, 0x0000000095900000| Untracked 
|  74|0x0000000095a00000, 0x0000000095a00000, 0x0000000095b00000|  0%| F|  |TAMS 0x0000000095a00000, 0x0000000095a00000| Untracked 
|  75|0x0000000095b00000, 0x0000000095b00000, 0x0000000095c00000|  0%| F|  |TAMS 0x0000000095b00000, 0x0000000095b00000| Untracked 
|  76|0x0000000095c00000, 0x0000000095c00000, 0x0000000095d00000|  0%| F|  |TAMS 0x0000000095c00000, 0x0000000095c00000| Untracked 
|  77|0x0000000095d00000, 0x0000000095d00000, 0x0000000095e00000|  0%| F|  |TAMS 0x0000000095d00000, 0x0000000095d00000| Untracked 
|  78|0x0000000095e00000, 0x0000000095e00000, 0x0000000095f00000|  0%| F|  |TAMS 0x0000000095e00000, 0x0000000095e00000| Untracked 
|  79|0x0000000095f00000, 0x0000000095f00000, 0x0000000096000000|  0%| F|  |TAMS 0x0000000095f00000, 0x0000000095f00000| Untracked 
|  80|0x0000000096000000, 0x0000000096000000, 0x0000000096100000|  0%| F|  |TAMS 0x0000000096000000, 0x0000000096000000| Untracked 
|  81|0x0000000096100000, 0x0000000096100000, 0x0000000096200000|  0%| F|  |TAMS 0x0000000096100000, 0x0000000096100000| Untracked 
|  82|0x0000000096200000, 0x0000000096200000, 0x0000000096300000|  0%| F|  |TAMS 0x0000000096200000, 0x0000000096200000| Untracked 
|  83|0x0000000096300000, 0x0000000096300000, 0x0000000096400000|  0%| F|  |TAMS 0x0000000096300000, 0x0000000096300000| Untracked 
|  84|0x0000000096400000, 0x0000000096400000, 0x0000000096500000|  0%| F|  |TAMS 0x0000000096400000, 0x0000000096400000| Untracked 
|  85|0x0000000096500000, 0x0000000096600000, 0x0000000096600000|100%| S|CS|TAMS 0x0000000096500000, 0x0000000096500000| Complete 
|  86|0x0000000096600000, 0x0000000096700000, 0x0000000096700000|100%| S|CS|TAMS 0x0000000096600000, 0x0000000096600000| Complete 
|  87|0x0000000096700000, 0x0000000096800000, 0x0000000096800000|100%| S|CS|TAMS 0x0000000096700000, 0x0000000096700000| Complete 
|  88|0x0000000096800000, 0x0000000096800000, 0x0000000096900000|  0%| F|  |TAMS 0x0000000096800000, 0x0000000096800000| Untracked 
|  89|0x0000000096900000, 0x0000000096900000, 0x0000000096a00000|  0%| F|  |TAMS 0x0000000096900000, 0x0000000096900000| Untracked 
|  90|0x0000000096a00000, 0x0000000096a00000, 0x0000000096b00000|  0%| F|  |TAMS 0x0000000096a00000, 0x0000000096a00000| Untracked 
|  91|0x0000000096b00000, 0x0000000096b00000, 0x0000000096c00000|  0%| F|  |TAMS 0x0000000096b00000, 0x0000000096b00000| Untracked 
|  92|0x0000000096c00000, 0x0000000096c00000, 0x0000000096d00000|  0%| F|  |TAMS 0x0000000096c00000, 0x0000000096c00000| Untracked 
|  93|0x0000000096d00000, 0x0000000096d00000, 0x0000000096e00000|  0%| F|  |TAMS 0x0000000096d00000, 0x0000000096d00000| Untracked 
|  94|0x0000000096e00000, 0x0000000096e00000, 0x0000000096f00000|  0%| F|  |TAMS 0x0000000096e00000, 0x0000000096e00000| Untracked 
|  95|0x0000000096f00000, 0x0000000096f00000, 0x0000000097000000|  0%| F|  |TAMS 0x0000000096f00000, 0x0000000096f00000| Untracked 
|  96|0x0000000097000000, 0x0000000097000000, 0x0000000097100000|  0%| F|  |TAMS 0x0000000097000000, 0x0000000097000000| Untracked 
|  97|0x0000000097100000, 0x0000000097180800, 0x0000000097200000| 50%| E|  |TAMS 0x0000000097100000, 0x0000000097100000| Complete 
|  98|0x0000000097200000, 0x0000000097300000, 0x0000000097300000|100%| E|CS|TAMS 0x0000000097200000, 0x0000000097200000| Complete 
|  99|0x0000000097300000, 0x0000000097400000, 0x0000000097400000|100%| E|CS|TAMS 0x0000000097300000, 0x0000000097300000| Complete 
| 100|0x0000000097400000, 0x0000000097500000, 0x0000000097500000|100%| E|CS|TAMS 0x0000000097400000, 0x0000000097400000| Complete 
| 101|0x0000000097500000, 0x0000000097600000, 0x0000000097600000|100%| E|CS|TAMS 0x0000000097500000, 0x0000000097500000| Complete 
| 102|0x0000000097600000, 0x0000000097700000, 0x0000000097700000|100%| E|CS|TAMS 0x0000000097600000, 0x0000000097600000| Complete 
| 103|0x0000000097700000, 0x0000000097800000, 0x0000000097800000|100%| E|CS|TAMS 0x0000000097700000, 0x0000000097700000| Complete 
| 104|0x0000000097800000, 0x0000000097900000, 0x0000000097900000|100%| E|CS|TAMS 0x0000000097800000, 0x0000000097800000| Complete 
| 105|0x0000000097900000, 0x0000000097a00000, 0x0000000097a00000|100%| E|CS|TAMS 0x0000000097900000, 0x0000000097900000| Complete 
| 106|0x0000000097a00000, 0x0000000097b00000, 0x0000000097b00000|100%| E|CS|TAMS 0x0000000097a00000, 0x0000000097a00000| Complete 
| 107|0x0000000097b00000, 0x0000000097c00000, 0x0000000097c00000|100%| E|CS|TAMS 0x0000000097b00000, 0x0000000097b00000| Complete 
| 108|0x0000000097c00000, 0x0000000097d00000, 0x0000000097d00000|100%| E|CS|TAMS 0x0000000097c00000, 0x0000000097c00000| Complete 
| 109|0x0000000097d00000, 0x0000000097e00000, 0x0000000097e00000|100%| E|CS|TAMS 0x0000000097d00000, 0x0000000097d00000| Complete 
| 110|0x0000000097e00000, 0x0000000097f00000, 0x0000000097f00000|100%| E|CS|TAMS 0x0000000097e00000, 0x0000000097e00000| Complete 
| 111|0x0000000097f00000, 0x0000000098000000, 0x0000000098000000|100%| E|CS|TAMS 0x0000000097f00000, 0x0000000097f00000| Complete 

Card table byte_map: [0x000002d1337e0000,0x000002d133b60000] _byte_map_base: 0x000002d133358000

Marking Bits (Prev, Next): (CMBitMap*) 0x000002d120650ac8, (CMBitMap*) 0x000002d120650b00
 Prev Bits: [0x000002d133ee0000, 0x000002d135aa0000)
 Next Bits: [0x000002d135aa0000, 0x000002d137660000)

Polling page: 0x000002d11e7a0000

Metaspace:

Usage:
  Non-class:     12.23 MB capacity,    12.04 MB ( 98%) used,   174.51 KB (  1%) free+waste,    19.50 KB ( <1%) overhead. 
      Class:      1.66 MB capacity,     1.55 MB ( 93%) used,   112.16 KB (  7%) free+waste,     9.75 KB ( <1%) overhead. 
       Both:     13.90 MB capacity,    13.59 MB ( 98%) used,   286.67 KB (  2%) free+waste,    29.25 KB ( <1%) overhead. 

Virtual space:
  Non-class space:       14.00 MB reserved,      12.25 MB ( 88%) committed 
      Class space:        1.00 GB reserved,       1.75 MB ( <1%) committed 
             Both:        1.01 GB reserved,      14.00 MB (  1%) committed 

Chunk freelists:
   Non-Class:  19.00 KB
       Class:  24.00 KB
        Both:  43.00 KB

MaxMetaspaceSize: 17179869184.00 GB
CompressedClassSpaceSize: 1.00 GB
Initial GC threshold: 20.80 MB
Current GC threshold: 20.80 MB
CDS: off

CodeHeap 'non-profiled nmethods': size=120000Kb used=438Kb max_used=438Kb free=119561Kb
 bounds [0x000002d12bc00000, 0x000002d12be70000, 0x000002d133130000]
CodeHeap 'profiled nmethods': size=120000Kb used=1953Kb max_used=1953Kb free=118046Kb
 bounds [0x000002d1246d0000, 0x000002d124940000, 0x000002d12bc00000]
CodeHeap 'non-nmethods': size=5760Kb used=1140Kb max_used=1160Kb free=4619Kb
 bounds [0x000002d124130000, 0x000002d1243a0000, 0x000002d1246d0000]
 total_blobs=1482 nmethods=1087 adapters=308
 compilation: enabled
              stopped_count=0, restarted_count=0
 full_count=0

Compilation events (20 events):
Event: 1.450 Thread 0x000002d13a907800 1050       3       java.lang.reflect.ProxyGenerator$ConstantPool$IndirectEntry::<init> (20 bytes)
Event: 1.450 Thread 0x000002d13a907800 nmethod 1050 0x000002d1248a5d10 code [0x000002d1248a5ec0, 0x000002d1248a6098]
Event: 1.450 Thread 0x000002d13a907800 1052       3       java.io.DataOutputStream::writeUTF (435 bytes)
Event: 1.454 Thread 0x000002d13a907800 nmethod 1052 0x000002d1248a6190 code [0x000002d1248a65e0, 0x000002d1248a8a78]
Event: 1.454 Thread 0x000002d13a907800 1056       3       java.lang.reflect.ProxyGenerator$ConstantPool::addEntry (46 bytes)
Event: 1.454 Thread 0x000002d13a0ee800 nmethod 1049 0x000002d12bc69410 code [0x000002d12bc695a0, 0x000002d12bc69898]
Event: 1.454 Thread 0x000002d13a0ee800 1057       4       java.util.HashMap::resize (356 bytes)
Event: 1.454 Thread 0x000002d13a907800 nmethod 1056 0x000002d1248a9790 code [0x000002d1248a9980, 0x000002d1248a9dd8]
Event: 1.455 Thread 0x000002d13a907800 1053  s    3       java.io.DataOutputStream::write (16 bytes)
Event: 1.455 Thread 0x000002d13a907800 nmethod 1053 0x000002d1248a9f90 code [0x000002d1248aa160, 0x000002d1248aa548]
Event: 1.455 Thread 0x000002d13a907800 1055       3       java.lang.reflect.ProxyGenerator$ConstantPool::getClass (21 bytes)
Event: 1.455 Thread 0x000002d13a907800 nmethod 1055 0x000002d1248aa690 code [0x000002d1248aa8a0, 0x000002d1248aace8]
Event: 1.455 Thread 0x000002d13a907800 1051       3       java.lang.reflect.ProxyGenerator$ConstantPool$IndirectEntry::<init> (20 bytes)
Event: 1.455 Thread 0x000002d13a907800 nmethod 1051 0x000002d1248aaf10 code [0x000002d1248ab0c0, 0x000002d1248ab278]
Event: 1.455 Thread 0x000002d13a907800 1054  s    1       java.io.ByteArrayOutputStream::size (5 bytes)
Event: 1.455 Thread 0x000002d13a907800 nmethod 1054 0x000002d12bc69990 code [0x000002d12bc69b40, 0x000002d12bc69d58]
Event: 1.466 Thread 0x000002d13a907800 1059       3       sun.net.www.ParseUtil::match (50 bytes)
Event: 1.466 Thread 0x000002d13a907800 nmethod 1059 0x000002d1248ab390 code [0x000002d1248ab540, 0x000002d1248ab7b8]
Event: 1.474 Thread 0x000002d13a907800 1060       3       java.util.jar.Manifest$FastInputStream::peek (38 bytes)
Event: 1.475 Thread 0x000002d13a907800 nmethod 1060 0x000002d1248ab890 code [0x000002d1248aba60, 0x000002d1248abc68]

GC Heap History (2 events):
Event: 1.165 GC heap before
{Heap before GC invocations=0 (full 0):
 garbage-first heap   total 114688K, used 29696K [0x0000000091000000, 0x0000000100000000)
  region size 1024K, 24 young (24576K), 0 survivors (0K)
 Metaspace       used 10776K, capacity 11067K, committed 11264K, reserved 1058816K
  class space    used 1099K, capacity 1179K, committed 1280K, reserved 1048576K
}
Event: 1.176 GC heap after
{Heap after GC invocations=1 (full 0):
 garbage-first heap   total 114688K, used 9313K [0x0000000091000000, 0x0000000100000000)
  region size 1024K, 3 young (3072K), 3 survivors (3072K)
 Metaspace       used 10776K, capacity 11067K, committed 11264K, reserved 1058816K
  class space    used 1099K, capacity 1179K, committed 1280K, reserved 1048576K
}

Deoptimization events (20 events):
Event: 1.085 Thread 0x000002d120614800 Uncommon trap: trap_request=0xffffffde fr.pc=0x000002d12bc1e5f0 relative=0x00000000000003d0
Event: 1.085 Thread 0x000002d120614800 Uncommon trap: reason=class_check action=maybe_recompile pc=0x000002d12bc1e5f0 method=java.util.regex.Matcher.match(II)Z @ 121 c2
Event: 1.085 Thread 0x000002d120614800 DEOPT PACKING pc=0x000002d12bc1e5f0 sp=0x000000f6296fd5a0
Event: 1.085 Thread 0x000002d120614800 DEOPT UNPACKING pc=0x000002d12417a1af sp=0x000000f6296fd548 mode 2
Event: 1.089 Thread 0x000002d120614800 Uncommon trap: trap_request=0xffffffde fr.pc=0x000002d12bc1e5f0 relative=0x00000000000003d0
Event: 1.089 Thread 0x000002d120614800 Uncommon trap: reason=class_check action=maybe_recompile pc=0x000002d12bc1e5f0 method=java.util.regex.Matcher.match(II)Z @ 121 c2
Event: 1.089 Thread 0x000002d120614800 DEOPT PACKING pc=0x000002d12bc1e5f0 sp=0x000000f6296fd420
Event: 1.089 Thread 0x000002d120614800 DEOPT UNPACKING pc=0x000002d12417a1af sp=0x000000f6296fd3c8 mode 2
Event: 1.089 Thread 0x000002d120614800 Uncommon trap: trap_request=0xffffffde fr.pc=0x000002d12bc1e5f0 relative=0x00000000000003d0
Event: 1.089 Thread 0x000002d120614800 Uncommon trap: reason=class_check action=maybe_recompile pc=0x000002d12bc1e5f0 method=java.util.regex.Matcher.match(II)Z @ 121 c2
Event: 1.089 Thread 0x000002d120614800 DEOPT PACKING pc=0x000002d12bc1e5f0 sp=0x000000f6296fd420
Event: 1.089 Thread 0x000002d120614800 DEOPT UNPACKING pc=0x000002d12417a1af sp=0x000000f6296fd3c8 mode 2
Event: 1.098 Thread 0x000002d120614800 Uncommon trap: trap_request=0xffffff4d fr.pc=0x000002d12bc46d00 relative=0x0000000000000240
Event: 1.098 Thread 0x000002d120614800 Uncommon trap: reason=unstable_if action=reinterpret pc=0x000002d12bc46d00 method=java.util.HashMap.hash(Ljava/lang/Object;)I @ 1 c2
Event: 1.098 Thread 0x000002d120614800 DEOPT PACKING pc=0x000002d12bc46d00 sp=0x000000f6296fd500
Event: 1.098 Thread 0x000002d120614800 DEOPT UNPACKING pc=0x000002d12417a1af sp=0x000000f6296fd438 mode 2
Event: 1.415 Thread 0x000002d120614800 DEOPT PACKING pc=0x000002d12476dc7f sp=0x000000f6296fa0c0
Event: 1.415 Thread 0x000002d120614800 DEOPT UNPACKING pc=0x000002d12417a95e sp=0x000000f6296f9510 mode 0
Event: 1.475 Thread 0x000002d120614800 DEOPT PACKING pc=0x000002d1247b66b0 sp=0x000000f6296f8de0
Event: 1.475 Thread 0x000002d120614800 DEOPT UNPACKING pc=0x000002d12417a95e sp=0x000000f6296f82f8 mode 0

Classes redefined (0 events):
No events

Internal exceptions (10 events):
Event: 0.250 Thread 0x000002d120614800 Exception <a 'java/lang/NoSuchMethodError'{0x0000000097e9f028}: 'int java.lang.invoke.DirectMethodHandle$Holder.invokeSpecialIFC(java.lang.Object, java.lang.Object, int)'> (0x0000000097e9f028) thrown at [./src/hotspot/share/interpreter/linkResolver.cpp, line 773]
Event: 0.364 Thread 0x000002d120614800 Exception <a 'java/lang/NoSuchMethodError'{0x0000000097c875e0}: 'int java.lang.invoke.DirectMethodHandle$Holder.invokeStaticInit(java.lang.Object, java.lang.Object)'> (0x0000000097c875e0) thrown at [./src/hotspot/share/interpreter/linkResolver.cpp, line 773]
Event: 0.411 Thread 0x000002d120614800 Exception <a 'java/lang/NoSuchMethodError'{0x0000000097b51500}: 'int java.lang.invoke.DirectMethodHandle$Holder.invokeSpecial(java.lang.Object, java.lang.Object, java.lang.Object, java.lang.Object)'> (0x0000000097b51500) thrown at [./src/hotspot/share/interpreter/linkResolver.cpp, line 773]
Event: 1.098 Thread 0x000002d120614800 Implicit null exception at 0x000002d12bc46af5 to 0x000002d12bc46cf0
Event: 1.129 Thread 0x000002d120614800 Exception <a 'java/lang/NoClassDefFoundError'{0x00000000969bb808}: org/slf4j/impl/StaticMarkerBinder> (0x00000000969bb808) thrown at [./src/hotspot/share/classfile/systemDictionary.cpp, line 220]
Event: 1.149 Thread 0x000002d120614800 Exception <a 'java/lang/NoSuchMethodError'{0x00000000968b0f70}: 'java.lang.Object java.lang.invoke.DirectMethodHandle$Holder.invokeVirtual(java.lang.Object, java.lang.Object, java.lang.Object, java.lang.Object, java.lang.Object, java.lang.Object, java.lang.Object)'> (0x00000000968b0f70) thrown at [./src/hotspot/share/interpreter/linkResolver.cpp, line 773]
Event: 1.154 Thread 0x000002d120614800 Exception <a 'java/lang/NoSuchMethodError'{0x00000000968c50d0}: 'java.lang.Object java.lang.invoke.Invokers$Holder.invoker(java.lang.Object, java.lang.Object, java.lang.Object)'> (0x00000000968c50d0) thrown at [./src/hotspot/share/interpreter/linkResolver.cpp, line 773]
Event: 1.159 Thread 0x000002d120614800 Exception <a 'java/lang/NoSuchMethodError'{0x00000000968d5cc8}: 'void java.lang.invoke.DelegatingMethodHandle$Holder.delegate(java.lang.Object, java.lang.Object, int, java.lang.Object)'> (0x00000000968d5cc8) thrown at [./src/hotspot/share/interpreter/linkResolver.cpp, line 773]
Event: 1.313 Thread 0x000002d120614800 Exception <a 'java/lang/NoSuchMethodError'{0x00000000979930b0}: 'java.lang.Object java.lang.invoke.DirectMethodHandle$Holder.invokeInterface(java.lang.Object, java.lang.Object, java.lang.Object)'> (0x00000000979930b0) thrown at [./src/hotspot/share/interpreter/linkResolver.cpp, line 773]
Event: 1.391 Thread 0x000002d120614800 Exception <a 'java/lang/NoSuchMethodError'{0x0000000097631590}: 'java.lang.Object java.lang.invoke.DirectMethodHandle$Holder.invokeStaticInit(java.lang.Object, java.lang.Object, java.lang.Object)'> (0x0000000097631590) thrown at [./src/hotspot/share/interpreter/linkResolver.cpp, line 773]

Events (20 events):
Event: 1.475 loading class org/gradle/tooling/internal/provider/action/BuildActionSerializer$ClientProvidedBuildActionSerializer done
Event: 1.476 loading class org/gradle/tooling/internal/provider/serialization/SerializedPayloadSerializer
Event: 1.476 loading class org/gradle/tooling/internal/provider/serialization/SerializedPayloadSerializer done
Event: 1.476 loading class org/gradle/internal/serialize/DefaultSerializer
Event: 1.476 loading class org/gradle/internal/serialize/DefaultSerializer done
Event: 1.477 loading class java/io/StreamCorruptedException
Event: 1.477 loading class java/io/StreamCorruptedException done
Event: 1.477 loading class org/gradle/tooling/internal/provider/action/ClientProvidedPhasedAction
Event: 1.477 loading class org/gradle/tooling/internal/provider/action/ClientProvidedPhasedAction done
Event: 1.478 loading class org/gradle/tooling/internal/provider/action/BuildActionSerializer$ClientProvidedPhasedActionSerializer
Event: 1.478 loading class org/gradle/tooling/internal/provider/action/BuildActionSerializer$ClientProvidedPhasedActionSerializer done
Event: 1.478 loading class org/gradle/tooling/internal/provider/action/TestExecutionRequestAction
Event: 1.478 loading class org/gradle/tooling/internal/provider/action/TestExecutionRequestAction done
Event: 1.479 loading class org/gradle/tooling/internal/provider/action/BuildActionSerializer$TestExecutionRequestActionSerializer
Event: 1.479 loading class org/gradle/tooling/internal/provider/action/BuildActionSerializer$TestExecutionRequestActionSerializer done
Event: 1.479 loading class org/gradle/internal/serialize/DefaultSerializerRegistry$TaggedTypeSerializer
Event: 1.479 loading class org/gradle/internal/serialize/DefaultSerializerRegistry$TaggedTypeSerializer done
Event: 1.480 loading class org/gradle/internal/serialize/DefaultSerializerRegistry$TypeInfo
Event: 1.480 loading class org/gradle/internal/serialize/DefaultSerializerRegistry$TypeInfo done
Event: 1.480 loading class java/util/LinkedHashMap$LinkedEntrySet


Dynamic libraries:
0x00007ff608890000 - 0x00007ff60889a000 	C:\Program Files\Android\Android Studio\jre\bin\java.exe
0x00007fffc5ea0000 - 0x00007fffc60a9000 	C:\WINDOWS\SYSTEM32\ntdll.dll
0x00007fffc5440000 - 0x00007fffc54fd000 	C:\WINDOWS\System32\KERNEL32.DLL
0x00007fffc36a0000 - 0x00007fffc3a1c000 	C:\WINDOWS\System32\KERNELBASE.dll
0x00007fffc3aa0000 - 0x00007fffc3bb1000 	C:\WINDOWS\System32\ucrtbase.dll
0x00007fffbbdd0000 - 0x00007fffbbde7000 	C:\Program Files\Android\Android Studio\jre\bin\VCRUNTIME140.dll
0x00007fffbe510000 - 0x00007fffbe529000 	C:\Program Files\Android\Android Studio\jre\bin\jli.dll
0x00007fffc4700000 - 0x00007fffc48ad000 	C:\WINDOWS\System32\USER32.dll
0x00007fffc3670000 - 0x00007fffc3696000 	C:\WINDOWS\System32\win32u.dll
0x00007fffc4a20000 - 0x00007fffc4a49000 	C:\WINDOWS\System32\GDI32.dll
0x00007fffc3440000 - 0x00007fffc3559000 	C:\WINDOWS\System32\gdi32full.dll
0x00007fffc2590000 - 0x00007fffc2835000 	C:\WINDOWS\WinSxS\amd64_microsoft.windows.common-controls_6595b64144ccf1df_6.0.22000.120_none_9d947278b86cc467\COMCTL32.dll
0x00007fffc3560000 - 0x00007fffc35fd000 	C:\WINDOWS\System32\msvcp_win.dll
0x00007fffc3e10000 - 0x00007fffc3eb3000 	C:\WINDOWS\System32\msvcrt.dll
0x00007fffc49c0000 - 0x00007fffc49f1000 	C:\WINDOWS\System32\IMM32.DLL
0x00007fff99070000 - 0x00007fff9910d000 	C:\Program Files\Android\Android Studio\jre\bin\msvcp140.dll
0x00007fff5a1e0000 - 0x00007fff5ace2000 	C:\Program Files\Android\Android Studio\jre\bin\server\jvm.dll
0x00007fffc5390000 - 0x00007fffc543e000 	C:\WINDOWS\System32\ADVAPI32.dll
0x00007fffc48b0000 - 0x00007fffc494e000 	C:\WINDOWS\System32\sechost.dll
0x00007fffc5270000 - 0x00007fffc5390000 	C:\WINDOWS\System32\RPCRT4.dll
0x00007fffc5260000 - 0x00007fffc5268000 	C:\WINDOWS\System32\PSAPI.DLL
0x00007fffbbc40000 - 0x00007fffbbc73000 	C:\WINDOWS\SYSTEM32\WINMM.dll
0x00007fffba1b0000 - 0x00007fffba1ba000 	C:\WINDOWS\SYSTEM32\VERSION.dll
0x00007fffbd180000 - 0x00007fffbd189000 	C:\WINDOWS\SYSTEM32\WSOCK32.dll
0x00007fffc51e0000 - 0x00007fffc524f000 	C:\WINDOWS\System32\WS2_32.dll
0x00007fffc2280000 - 0x00007fffc2298000 	C:\WINDOWS\SYSTEM32\kernel.appcore.dll
0x00007fffb4c10000 - 0x00007fffb4c21000 	C:\Program Files\Android\Android Studio\jre\bin\verify.dll
0x00007fffc2c30000 - 0x00007fffc2e51000 	C:\WINDOWS\SYSTEM32\DBGHELP.DLL
0x00007fffc2b00000 - 0x00007fffc2b31000 	C:\WINDOWS\SYSTEM32\dbgcore.DLL
0x00007fffc3a20000 - 0x00007fffc3a9f000 	C:\WINDOWS\System32\bcryptPrimitives.dll
0x00007fff9b450000 - 0x00007fff9b479000 	C:\Program Files\Android\Android Studio\jre\bin\java.dll
0x00007fffb5010000 - 0x00007fffb501b000 	C:\Program Files\Android\Android Studio\jre\bin\jimage.dll
0x00007fff9b430000 - 0x00007fff9b448000 	C:\Program Files\Android\Android Studio\jre\bin\zip.dll
0x00007fffc3f40000 - 0x00007fffc46f8000 	C:\WINDOWS\System32\SHELL32.dll
0x00007fffc0700000 - 0x00007fffc0f68000 	C:\WINDOWS\SYSTEM32\windows.storage.dll
0x00007fffc4ce0000 - 0x00007fffc5059000 	C:\WINDOWS\System32\combase.dll
0x00007fffc0590000 - 0x00007fffc06f6000 	C:\WINDOWS\SYSTEM32\wintypes.dll
0x00007fffc4a50000 - 0x00007fffc4b3a000 	C:\WINDOWS\System32\SHCORE.dll
0x00007fffc5060000 - 0x00007fffc50bd000 	C:\WINDOWS\System32\shlwapi.dll
0x00007fffc32b0000 - 0x00007fffc32d1000 	C:\WINDOWS\SYSTEM32\profapi.dll
0x00007fff99620000 - 0x00007fff9963a000 	C:\Program Files\Android\Android Studio\jre\bin\net.dll
0x00007fffba450000 - 0x00007fffba55c000 	C:\WINDOWS\SYSTEM32\WINHTTP.dll
0x00007fffc22a0000 - 0x00007fffc2307000 	C:\WINDOWS\system32\mswsock.dll
0x00007fff99600000 - 0x00007fff99614000 	C:\Program Files\Android\Android Studio\jre\bin\nio.dll
0x00007fff99040000 - 0x00007fff99067000 	C:\Users\crami\.gradle\native\e1d6ef7f7dcc3fd88c89a11ec53ec762bb8ba0a96d01ffa2cd45eb1d1d8dd5c5\windows-amd64\native-platform.dll
0x00007fffb4c00000 - 0x00007fffb4c0a000 	C:\Program Files\Android\Android Studio\jre\bin\management.dll
0x00007fffb3530000 - 0x00007fffb353d000 	C:\Program Files\Android\Android Studio\jre\bin\management_ext.dll
0x00007fffc2f40000 - 0x00007fffc2f58000 	C:\WINDOWS\SYSTEM32\CRYPTSP.dll
0x00007fffc1ce0000 - 0x00007fffc1d15000 	C:\WINDOWS\system32\rsaenh.dll
0x00007fffc2460000 - 0x00007fffc2489000 	C:\WINDOWS\SYSTEM32\USERENV.dll
0x00007fffc2c00000 - 0x00007fffc2c27000 	C:\WINDOWS\SYSTEM32\bcrypt.dll
0x00007fffc2490000 - 0x00007fffc249c000 	C:\WINDOWS\SYSTEM32\CRYPTBASE.dll
0x00007fffc11c0000 - 0x00007fffc11ed000 	C:\WINDOWS\SYSTEM32\IPHLPAPI.DLL
0x00007fffc5250000 - 0x00007fffc5259000 	C:\WINDOWS\System32\NSI.dll

dbghelp: loaded successfully - version: 4.0.5 - missing functions: none
symbol engine: initialized successfully - sym options: 0x614 - pdb path: .;C:\Program Files\Android\Android Studio\jre\bin;C:\WINDOWS\SYSTEM32;C:\WINDOWS\WinSxS\amd64_microsoft.windows.common-controls_6595b64144ccf1df_6.0.22000.120_none_9d947278b86cc467;C:\Program Files\Android\Android Studio\jre\bin\server;C:\Users\crami\.gradle\native\e1d6ef7f7dcc3fd88c89a11ec53ec762bb8ba0a96d01ffa2cd45eb1d1d8dd5c5\windows-amd64

VM Arguments:
jvm_args: -Dorg.gradle.appname=gradlew 
java_command: org.gradle.wrapper.GradleWrapperMain -q -Ptarget-platform=android-arm64 -Ptarget=C:\Users\crami\OneDrive\Escritorio\Practica01_190378\lib\main.dart -Pbase-application-name=android.app.Application -Pdart-defines=RkxVVFRFUl9XRUJfQVVUT19ERVRFQ1Q9dHJ1ZQ== -Pdart-obfuscation=false -Ptrack-widget-creation=true -Ptree-shake-icons=false -Pfilesystem-scheme=org-dartlang-root assembleDebug
java_class_path (initial): C:\Users\crami\OneDrive\Escritorio\Practica01_190378\android\\gradle\wrapper\gradle-wrapper.jar
Launcher Type: SUN_STANDARD

[Global flags]
     intx CICompilerCount                          = 4                                         {product} {ergonomic}
     uint ConcGCThreads                            = 2                                         {product} {ergonomic}
     uint G1ConcRefinementThreads                  = 8                                         {product} {ergonomic}
   size_t G1HeapRegionSize                         = 1048576                                   {product} {ergonomic}
    uintx GCDrainStackTargetSize                   = 64                                        {product} {ergonomic}
   size_t InitialHeapSize                          = 117440512                                 {product} {ergonomic}
   size_t MarkStackSize                            = 4194304                                   {product} {ergonomic}
   size_t MaxHeapSize                              = 1862270976                                {product} {ergonomic}
   size_t MaxNewSize                               = 1116733440                                {product} {ergonomic}
   size_t MinHeapDeltaBytes                        = 1048576                                   {product} {ergonomic}
    uintx NonNMethodCodeHeapSize                   = 5836300                                {pd product} {ergonomic}
    uintx NonProfiledCodeHeapSize                  = 122910970                              {pd product} {ergonomic}
    uintx ProfiledCodeHeapSize                     = 122910970                              {pd product} {ergonomic}
    uintx ReservedCodeCacheSize                    = 251658240                              {pd product} {ergonomic}
     bool SegmentedCodeCache                       = true                                      {product} {ergonomic}
     bool UseCompressedClassPointers               = true                                 {lp64_product} {ergonomic}
     bool UseCompressedOops                        = true                                 {lp64_product} {ergonomic}
     bool UseG1GC                                  = true                                      {product} {ergonomic}
     bool UseLargePagesIndividualAllocation        = false                                  {pd product} {ergonomic}

Logging:
Log output configuration:
 #0: stdout all=warning uptime,level,tags
 #1: stderr all=off uptime,level,tags

Environment Variables:
JAVA_HOME=C:\Program Files\Android\Android Studio\jre
CLASSPATH=C:\Users\crami\OneDrive\Escritorio\Practica01_190378\android\\gradle\wrapper\gradle-wrapper.jar
PATH=C:\Users\crami\bin;C:\Program Files\Git\mingw64\bin;C:\Program Files\Git\usr\local\bin;C:\Program Files\Git\usr\bin;C:\Program Files\Git\usr\bin;C:\Program Files\Git\mingw64\bin;C:\Program Files\Git\usr\bin;C:\Users\crami\bin;C:\WINDOWS\system32;C:\WINDOWS;C:\WINDOWS\System32\Wbem;C:\WINDOWS\System32\WindowsPowerShell\v1.0;C:\WINDOWS\System32\OpenSSH;C:\Program Files\Git\cmd;C:\Program Files\Microsoft SQL Server\150\Tools\Binn;C:\Program Files\Microsoft SQL Server\Client SDK\ODBC\170\Tools\Binn;C:\Program Files\dotnet;C:\Users\crami\AppData\Local\Microsoft\WindowsApps;C:\flutter_windows_3.3.2-stable\flutter\bin;C:\Users\crami\AppData\Local\Programs\Microsoft VS Code\bin;C:\Users\crami\.dotnet\tools;C:\Program Files\Git\usr\bin\vendor_perl;C:\Program Files\Git\usr\bin\core_perl;C:\flutter_windows_3.3.2-stable\flutter\bin\mingit\cmd
USERNAME=crami
SHELL=C:\Program Files\Git\usr\bin\bash.exe
DISPLAY=needs-to-be-defined
LC_CTYPE=es_MX.UTF-8
OS=Windows_NT
PROCESSOR_IDENTIFIER=AMD64 Family 23 Model 24 Stepping 1, AuthenticAMD



---------------  S Y S T E M  ---------------

OS: Windows 11 , 64 bit Build 22000 (10.0.22000.708)
OS uptime: 0 days 3:11 hours

CPU:total 8 (initial active 8) (8 cores per cpu, 2 threads per core) family 23 model 24 stepping 1 microcode 0x0, cmov, cx8, fxsr, mmx, sse, sse2, sse3, ssse3, sse4.1, sse4.2, popcnt, avx, avx2, aes, clmul, mmxext, 3dnowpref, lzcnt, sse4a, ht, tsc, tscinvbit, tscinv, bmi1, bmi2, adx, sha, fma

Memory: 4k page, system-wide physical 7103M (1004M free)
TotalPageFile size 9503M (AvailPageFile size 1066M)
current process WorkingSet (physical memory assigned to process): 101M, peak: 101M
current process commit charge ("private bytes"): 214M, peak: 214M

vm_info: OpenJDK 64-Bit Server VM (11.0.13+0-b1751.21-8125866) for windows-amd64 JRE (11.0.13+0-b1751.21-8125866), built on Feb  2 2022 03:00:22 by "builder" with MS VC++ 14.0 (VS2015)

END.
